mode: atomic
github.com/letsencrypt/boulder/cmd/clock_generic.go:12.26,14.2 1 0
github.com/letsencrypt/boulder/cmd/config.go:26.50,27.27 1 4
github.com/letsencrypt/boulder/cmd/config.go:34.2,34.25 1 2
github.com/letsencrypt/boulder/cmd/config.go:27.27,29.17 2 2
github.com/letsencrypt/boulder/cmd/config.go:32.3,32.56 1 2
github.com/letsencrypt/boulder/cmd/config.go:29.17,31.4 1 0
github.com/letsencrypt/boulder/cmd/config.go:59.42,60.27 1 2
github.com/letsencrypt/boulder/cmd/config.go:64.2,64.25 1 0
github.com/letsencrypt/boulder/cmd/config.go:60.27,63.3 2 2
github.com/letsencrypt/boulder/cmd/config.go:100.50,101.27 1 0
github.com/letsencrypt/boulder/cmd/config.go:105.2,105.20 1 0
github.com/letsencrypt/boulder/cmd/config.go:108.2,108.22 1 0
github.com/letsencrypt/boulder/cmd/config.go:101.27,104.3 2 0
github.com/letsencrypt/boulder/cmd/config.go:105.20,107.3 1 0
github.com/letsencrypt/boulder/cmd/config.go:169.44,170.29 1 4
github.com/letsencrypt/boulder/cmd/config.go:173.2,173.34 1 2
github.com/letsencrypt/boulder/cmd/config.go:178.2,178.12 1 1
github.com/letsencrypt/boulder/cmd/config.go:170.29,172.3 1 2
github.com/letsencrypt/boulder/cmd/config.go:173.34,174.33 1 2
github.com/letsencrypt/boulder/cmd/config.go:174.33,176.4 1 1
github.com/letsencrypt/boulder/cmd/config.go:273.56,276.16 3 0
github.com/letsencrypt/boulder/cmd/config.go:282.2,284.12 3 0
github.com/letsencrypt/boulder/cmd/config.go:276.16,277.50 1 0
github.com/letsencrypt/boulder/cmd/config.go:280.3,280.13 1 0
github.com/letsencrypt/boulder/cmd/config.go:277.50,279.4 1 0
github.com/letsencrypt/boulder/cmd/config.go:288.55,290.2 1 0
github.com/letsencrypt/boulder/cmd/config.go:294.81,296.38 2 0
github.com/letsencrypt/boulder/cmd/config.go:299.2,300.16 2 0
github.com/letsencrypt/boulder/cmd/config.go:304.2,305.12 2 0
github.com/letsencrypt/boulder/cmd/config.go:296.38,298.3 1 0
github.com/letsencrypt/boulder/cmd/config.go:300.16,302.3 1 0
github.com/letsencrypt/boulder/cmd/shell.go:51.13,52.28 1 1
github.com/letsencrypt/boulder/cmd/shell.go:52.28,53.42 1 5
github.com/letsencrypt/boulder/cmd/shell.go:53.42,56.4 2 0
github.com/letsencrypt/boulder/cmd/shell.go:65.46,67.2 1 3
github.com/letsencrypt/boulder/cmd/shell.go:75.40,77.2 1 2
github.com/letsencrypt/boulder/cmd/shell.go:79.41,81.2 1 2
github.com/letsencrypt/boulder/cmd/shell.go:86.98,98.30 7 0
github.com/letsencrypt/boulder/cmd/shell.go:101.2,108.22 6 0
github.com/letsencrypt/boulder/cmd/shell.go:98.30,100.3 1 0
github.com/letsencrypt/boulder/cmd/shell.go:112.41,113.16 1 0
github.com/letsencrypt/boulder/cmd/shell.go:113.16,118.3 4 0
github.com/letsencrypt/boulder/cmd/shell.go:122.38,127.14 5 0
github.com/letsencrypt/boulder/cmd/shell.go:127.14,141.28 8 0
github.com/letsencrypt/boulder/cmd/shell.go:155.3,162.21 5 0
github.com/letsencrypt/boulder/cmd/shell.go:141.28,144.31 3 0
github.com/letsencrypt/boulder/cmd/shell.go:147.4,147.46 1 0
github.com/letsencrypt/boulder/cmd/shell.go:150.4,153.46 4 0
github.com/letsencrypt/boulder/cmd/shell.go:144.31,146.5 1 0
github.com/letsencrypt/boulder/cmd/shell.go:147.46,149.5 1 0
github.com/letsencrypt/boulder/cmd/shell.go:168.53,169.16 1 4
github.com/letsencrypt/boulder/cmd/shell.go:173.2,174.16 2 3
github.com/letsencrypt/boulder/cmd/shell.go:178.2,179.49 2 2
github.com/letsencrypt/boulder/cmd/shell.go:184.2,185.8 2 1
github.com/letsencrypt/boulder/cmd/shell.go:169.16,172.3 2 1
github.com/letsencrypt/boulder/cmd/shell.go:174.16,176.3 1 1
github.com/letsencrypt/boulder/cmd/shell.go:179.49,182.3 2 1
github.com/letsencrypt/boulder/cmd/shell.go:193.31,196.16 3 0
github.com/letsencrypt/boulder/cmd/shell.go:199.2,200.16 2 0
github.com/letsencrypt/boulder/cmd/shell.go:203.2,205.16 3 0
github.com/letsencrypt/boulder/cmd/shell.go:196.16,198.3 1 0
github.com/letsencrypt/boulder/cmd/shell.go:200.16,202.3 1 0
github.com/letsencrypt/boulder/cmd/shell.go:205.16,207.3 1 0
github.com/letsencrypt/boulder/cmd/shell.go:213.61,215.16 2 0
github.com/letsencrypt/boulder/cmd/shell.go:218.2,218.40 1 0
github.com/letsencrypt/boulder/cmd/shell.go:215.16,217.3 1 0
github.com/letsencrypt/boulder/cmd/shell.go:222.40,224.2 1 1
github.com/letsencrypt/boulder/cmd/shell.go:234.56,243.21 7 0
github.com/letsencrypt/boulder/cmd/shell.go:247.2,248.12 2 0
github.com/letsencrypt/boulder/cmd/shell.go:243.21,245.3 1 0
